<?xml version="1.0" encoding="UTF-8"?>
<!-- Generated by org.testng.reporters.JUnitXMLReporter -->
<testsuite hostname="AOLCND6334WP5" name="ACAS Automation" tests="5" failures="0" timestamp="6 Jan 2017 18:48:32 GMT" time="172.616" errors="0">
  <testcase name="loginPageACAS" time="19.896" classname="ACASTest"/>
  <testcase name="viewEmployeeACAS" time="22.0" classname="ACASTest"/>
  <testcase name="addEmployeeACAS" time="36.7" classname="ACASTest"/>
  <testcase name="addTransactionACAS" time="44.945" classname="ACASTest"/>
  <testcase name="searchEmployeeACAS" time="42.339" classname="ACASTest"/>
</testsuite> <!-- ACAS Automation -->
