<?xml version="1.0" encoding="UTF-8"?>
<!-- Generated by org.testng.reporters.JUnitXMLReporter -->
<testsuite hostname="AOLCND6334WP5" name="sample test" tests="5" failures="0" timestamp="6 Jan 2017 18:40:16 GMT" time="180.306" errors="0">
  <testcase name="loginPageACAS" time="22.535" classname="ACASTest"/>
  <testcase name="viewEmployeeACAS" time="21.787" classname="ACASTest"/>
  <testcase name="addEmployeeACAS" time="38.177" classname="ACASTest"/>
  <testcase name="addTransactionACAS" time="46.757" classname="ACASTest"/>
  <testcase name="searchEmployeeACAS" time="43.688" classname="ACASTest"/>
</testsuite> <!-- sample test -->
